[
  {
    "path": "path/to/log1",
    "package": "python3-module-pytz-deprecation-shim-0.1.0.post0-alt3",
    "error_type": "TestFailure,ExceptionHandling",
    "programming_language": "Python",
    "description": "Test failure in test_zone_attribute due to UnknownTimeZoneError when processing key 'America/Coyhaique', indicating issues with timezone data handling during hypothesis testing."
  },
  {
    "path": "path/to/log2",
    "package": "python3-module-sh-2.2.2-alt1",
    "error_type": "TestFailure",
    "programming_language": "Python",
    "description": "AssertionError in test_general_signal during pytest execution, causing non-zero exit status in RPM %check phase (1 failed test out of 183)."
  },
  {
    "path": "path/to/log3",
    "package": "python3-module-sphinx-autobuild-2024.10.3-alt1",
    "error_type": "MissingDependency",
    "programming_language": "Python",
    "description": "Build failure due to missing dependency: Could not find compatible version of sphinxcontrib-jsmath>=1.0.1 required by Sphinx, causing check phase to exit with status 1."
  },
  {
    "path": "path/to/log4",
    "package": "python3-module-sphinx-automodapi-0.18.0-alt1",
    "error_type": "MissingDependency",
    "programming_language": "Python",
    "description": "Dependency resolution failure: sphinxcontrib-jsmath>=1.0.1 not found despite Sphinx being installed, leading to RPM check phase error."
  },
  {
    "path": "path/to/log5",
    "package": "python3-module-sphinx-click-6.0.0-alt1",
    "error_type": "MissingDependency",
    "programming_language": "Python",
    "description": "Failed build due to unresolved dependency sphinxcontrib-jsmath>=1.0.1 required by Sphinx, resulting in non-zero exit status during testing."
  },
  {
    "path": "path/to/log6",
    "package": "python3-module-sphinxcontrib-apidoc-0.5.0-alt1",
    "error_type": "TestSetup,AssertionError",
    "programming_language": "Python",
    "description": "Test failures due to warnings during extension setup: Failed to convert [[<class 'str'>]] to frozenset in sphinxcontrib.apidoc, causing assertion errors in multiple tests."
  },
  {
    "path": "path/to/log7",
    "package": "python3-module-sphinxcontrib-jsmath-1.0.1-alt2",
    "error_type": "TestFailure",
    "programming_language": "Python",
    "description": "Test failure in test_disabled_when_equations_not_found assertion, resulting in 1 failed test and non-zero exit status during package check."
  },
  {
    "path": "path/to/log8",
    "package": "python3-module-spyder-kernels-2.5.2-alt1",
    "error_type": "TestFailure,AsyncError",
    "programming_language": "Python",
    "description": "Repeated test_debug_namespace failures due to _queue.Empty exceptions during Jupyter kernel communication, likely caused by asynchronous operation timeouts."
  }
]